Using pre-set license
Built from '2021.3/staging' branch; Version is '2021.3.24f1 (cf10dcf7010d) revision 13570268'; Using compiler version '192829333'; Build Type 'Release'
OS: 'Windows 11  (10.0.22621) 64bit CoreSingleLanguage' Language: 'pt' Physical Memory: 16176 MB
BatchMode: 1, IsHumanControllingUs: 0, StartBugReporterOnCrash: 0, Is64bit: 1, IsPro: 1

COMMAND LINE ARGUMENTS:
C:\Program Files\Unity\Hub\Editor\2021.3.24f1\Editor\Unity.exe
-adb2
-batchMode
-noUpm
-name
AssetImportWorker0
-projectPath
D:/Arte/PurfectPursuit/PurrfectPursuit/PurrfectPursuit
-logFile
Logs/AssetImportWorker0.log
-srvPort
59144
Successfully changed project path to: D:/Arte/PurfectPursuit/PurrfectPursuit/PurrfectPursuit
D:/Arte/PurfectPursuit/PurrfectPursuit/PurrfectPursuit
[UnityMemory] Configuration Parameters - Can be set up in boot.config
    "memorysetup-bucket-allocator-granularity=16"
    "memorysetup-bucket-allocator-bucket-count=8"
    "memorysetup-bucket-allocator-block-size=33554432"
    "memorysetup-bucket-allocator-block-count=8"
    "memorysetup-main-allocator-block-size=16777216"
    "memorysetup-thread-allocator-block-size=16777216"
    "memorysetup-gfx-main-allocator-block-size=16777216"
    "memorysetup-gfx-thread-allocator-block-size=16777216"
    "memorysetup-cache-allocator-block-size=4194304"
    "memorysetup-typetree-allocator-block-size=2097152"
    "memorysetup-profiler-bucket-allocator-granularity=16"
    "memorysetup-profiler-bucket-allocator-bucket-count=8"
    "memorysetup-profiler-bucket-allocator-block-size=33554432"
    "memorysetup-profiler-bucket-allocator-block-count=8"
    "memorysetup-profiler-allocator-block-size=16777216"
    "memorysetup-profiler-editor-allocator-block-size=1048576"
    "memorysetup-temp-allocator-size-main=16777216"
    "memorysetup-job-temp-allocator-block-size=2097152"
    "memorysetup-job-temp-allocator-block-size-background=1048576"
    "memorysetup-job-temp-allocator-reduction-small-platforms=262144"
    "memorysetup-temp-allocator-size-background-worker=32768"
    "memorysetup-temp-allocator-size-job-worker=262144"
    "memorysetup-temp-allocator-size-preload-manager=33554432"
    "memorysetup-temp-allocator-size-nav-mesh-worker=65536"
    "memorysetup-temp-allocator-size-audio-worker=65536"
    "memorysetup-temp-allocator-size-cloud-worker=32768"
    "memorysetup-temp-allocator-size-gi-baking-worker=262144"
    "memorysetup-temp-allocator-size-gfx=262144"
Player connection [29260] Host "[IP] 192.168.0.83 [Port] 0 [Flags] 2 [Guid] 1632946758 [EditorId] 1632946758 [Version] 1048832 [Id] WindowsEditor(7,DESKTOP-CVGCPNO) [Debug] 1 [PackageName] WindowsEditor [ProjectName] Editor" joined multi-casting on [225.0.0.222:54997]...

Player connection [29260] Host "[IP] 192.168.0.83 [Port] 0 [Flags] 2 [Guid] 1632946758 [EditorId] 1632946758 [Version] 1048832 [Id] WindowsEditor(7,DESKTOP-CVGCPNO) [Debug] 1 [PackageName] WindowsEditor [ProjectName] Editor" joined alternative multi-casting on [225.0.0.222:34997]...

Refreshing native plugins compatible for Editor in 161.04 ms, found 3 plugins.
Preloading 0 native plugins for Editor in 0.00 ms.
Initialize engine version: 2021.3.24f1 (cf10dcf7010d)
[Subsystems] Discovering subsystems at path C:/Program Files/Unity/Hub/Editor/2021.3.24f1/Editor/Data/Resources/UnitySubsystems
[Subsystems] Discovering subsystems at path D:/Arte/PurfectPursuit/PurrfectPursuit/PurrfectPursuit/Assets
GfxDevice: creating device client; threaded=0; jobified=0
Direct3D:
    Version:  Direct3D 11.0 [level 11.1]
    Renderer: NVIDIA GeForce GTX 1050 Ti (ID=0x1c8c)
    Vendor:   NVIDIA
    VRAM:     4017 MB
    Driver:   31.0.15.2849
Initialize mono
Mono path[0] = 'C:/Program Files/Unity/Hub/Editor/2021.3.24f1/Editor/Data/Managed'
Mono path[1] = 'C:/Program Files/Unity/Hub/Editor/2021.3.24f1/Editor/Data/MonoBleedingEdge/lib/mono/unityjit-win32'
Mono config path = 'C:/Program Files/Unity/Hub/Editor/2021.3.24f1/Editor/Data/MonoBleedingEdge/etc'
Using monoOptions --debugger-agent=transport=dt_socket,embedding=1,server=y,suspend=n,address=127.0.0.1:56216
Begin MonoManager ReloadAssembly
Registering precompiled unity dll's ...
Register platform support module: C:/Program Files/Unity/Hub/Editor/2021.3.24f1/Editor/Data/PlaybackEngines/WebGLSupport/UnityEditor.WebGL.Extensions.dll
Register platform support module: C:/Program Files/Unity/Hub/Editor/2021.3.24f1/Editor/Data/PlaybackEngines/WindowsStandaloneSupport/UnityEditor.WindowsStandalone.Extensions.dll
Registered in 0.006263 seconds.
Native extension for WindowsStandalone target not found
Native extension for WebGL target not found
Refreshing native plugins compatible for Editor in 122.12 ms, found 3 plugins.
Preloading 0 native plugins for Editor in 0.00 ms.
Mono: successfully reloaded assembly
- Completed reload, in  0.810 seconds
Domain Reload Profiling:
	ReloadAssembly (811ms)
		BeginReloadAssembly (130ms)
			ExecutionOrderSort (0ms)
			DisableScriptedObjects (0ms)
			BackupInstance (0ms)
			ReleaseScriptingObjects (0ms)
			CreateAndSetChildDomain (1ms)
		EndReloadAssembly (571ms)
			LoadAssemblies (128ms)
			RebuildTransferFunctionScriptingTraits (0ms)
			SetupTypeCache (129ms)
			ReleaseScriptCaches (0ms)
			RebuildScriptCaches (30ms)
			SetupLoadedEditorAssemblies (354ms)
				LogAssemblyErrors (0ms)
				InitializePlatformSupportModulesInManaged (10ms)
				SetLoadedEditorAssemblies (0ms)
				RefreshPlugins (122ms)
				BeforeProcessingInitializeOnLoad (1ms)
				ProcessInitializeOnLoadAttributes (154ms)
				ProcessInitializeOnLoadMethodAttributes (66ms)
				AfterProcessingInitializeOnLoad (0ms)
				EditorAssembliesLoaded (0ms)
			ExecutionOrderSort2 (0ms)
			AwakeInstancesAfterBackupRestoration (0ms)
Platform modules already initialized, skipping
Registering precompiled user dll's ...
Registered in 0.005210 seconds.
Begin MonoManager ReloadAssembly
Symbol file LoadedFromMemory doesn't match image D:\Arte\PurfectPursuit\PurrfectPursuit\PurrfectPursuit\Library\PackageCache\com.unity.visualscripting@1.8.0\Editor\VisualScripting.Core\Dependencies\YamlDotNet\Unity.VisualScripting.YamlDotNet.dll
Symbol file LoadedFromMemory doesn't match image D:\Arte\PurfectPursuit\PurrfectPursuit\PurrfectPursuit\Library\PackageCache\com.unity.visualscripting@1.8.0\Editor\VisualScripting.Core\Dependencies\DotNetZip\Unity.VisualScripting.IonicZip.dll
Native extension for WindowsStandalone target not found
Native extension for WebGL target not found
Refreshing native plugins compatible for Editor in 124.56 ms, found 3 plugins.
Preloading 0 native plugins for Editor in 0.00 ms.
Mono: successfully reloaded assembly
- Completed reload, in  1.416 seconds
Domain Reload Profiling:
	ReloadAssembly (1417ms)
		BeginReloadAssembly (131ms)
			ExecutionOrderSort (0ms)
			DisableScriptedObjects (5ms)
			BackupInstance (0ms)
			ReleaseScriptingObjects (0ms)
			CreateAndSetChildDomain (22ms)
		EndReloadAssembly (1171ms)
			LoadAssemblies (107ms)
			RebuildTransferFunctionScriptingTraits (0ms)
			SetupTypeCache (309ms)
			ReleaseScriptCaches (1ms)
			RebuildScriptCaches (82ms)
			SetupLoadedEditorAssemblies (642ms)
				LogAssemblyErrors (0ms)
				InitializePlatformSupportModulesInManaged (6ms)
				SetLoadedEditorAssemblies (0ms)
				RefreshPlugins (125ms)
				BeforeProcessingInitializeOnLoad (117ms)
				ProcessInitializeOnLoadAttributes (305ms)
				ProcessInitializeOnLoadMethodAttributes (82ms)
				AfterProcessingInitializeOnLoad (7ms)
				EditorAssembliesLoaded (0ms)
			ExecutionOrderSort2 (0ms)
			AwakeInstancesAfterBackupRestoration (7ms)
Platform modules already initialized, skipping
========================================================================
Worker process is ready to serve import requests
Launched and connected shader compiler UnityShaderCompiler.exe after 0.06 seconds
Refreshing native plugins compatible for Editor in 1.39 ms, found 3 plugins.
Preloading 0 native plugins for Editor in 0.00 ms.
Unloading 5543 Unused Serialized files (Serialized files now loaded: 0)
Unloading 41 unused Assets / (439.5 KB). Loaded Objects now: 6012.
Memory consumption went from 225.0 MB to 224.6 MB.
Total: 4.107600 ms (FindLiveObjects: 0.466400 ms CreateObjectMapping: 0.462900 ms MarkObjects: 2.975200 ms  DeleteObjects: 0.202200 ms)

AssetImportParameters requested are different than current active one (requested -> active):
  custom:video-decoder-ogg-theora: a1e56fd34408186e4bbccfd4996cb3dc -> 
  custom:container-muxer-webm: aa71ff27fc2769a1b78a27578f13a17b -> 
  custom:container-demuxer-webm: 4f35f7cbe854078d1ac9338744f61a02 -> 
  custom:video-encoder-webm-vp8: eb34c28f22e8b96e1ab97ce403110664 -> 
  custom:audio-encoder-webm-vorbis: bf7c407c2cedff20999df2af8eb42d56 -> 
  custom:framework-win-MediaFoundation: 216162199b28c13a410421893ffa2e32 -> 
  custom:container-demuxer-ogg: 62fdf1f143b41e24485cea50d1cbac27 -> 
  custom:video-decoder-webm-vp8: 9c59270c3fd7afecdb556c50c9e8de78 -> 
  custom:audio-decoder-ogg-vorbis: bf7c407c2cedff20999df2af8eb42d56 -> 
========================================================================
Received Import Request.
  Time since last request: 110991.627674 seconds.
  path: Assets/UniversalRenderPipelineGlobalSettings.asset
  artifactKey: Guid(18dc0cd2c080841dea60987a38ce93fa) Importer(815301076,1909f56bfc062723c751e8b465ee728b)
Start importing Assets/UniversalRenderPipelineGlobalSettings.asset using Guid(18dc0cd2c080841dea60987a38ce93fa) Importer(815301076,1909f56bfc062723c751e8b465ee728b)  -> (artifact id: '75711d5613376e34dc0f61db005a4887') in 0.056541 seconds 
========================================================================
Received Import Request.
  Time since last request: 0.000034 seconds.
  path: Assets/Readme.asset
  artifactKey: Guid(8105016687592461f977c054a80ce2f2) Importer(815301076,1909f56bfc062723c751e8b465ee728b)
Start importing Assets/Readme.asset using Guid(8105016687592461f977c054a80ce2f2) Importer(815301076,1909f56bfc062723c751e8b465ee728b)  -> (artifact id: '3f8df6bccfaeea7c160e2ca3bda91111') in 0.007339 seconds 
========================================================================
Received Prepare
Registering precompiled user dll's ...
Registered in 0.004736 seconds.
Begin MonoManager ReloadAssembly
Symbol file LoadedFromMemory doesn't match image D:\Arte\PurfectPursuit\PurrfectPursuit\PurrfectPursuit\Library\PackageCache\com.unity.visualscripting@1.8.0\Editor\VisualScripting.Core\Dependencies\YamlDotNet\Unity.VisualScripting.YamlDotNet.dll
Symbol file LoadedFromMemory doesn't match image D:\Arte\PurfectPursuit\PurrfectPursuit\PurrfectPursuit\Library\PackageCache\com.unity.visualscripting@1.8.0\Editor\VisualScripting.Core\Dependencies\DotNetZip\Unity.VisualScripting.IonicZip.dll
Native extension for WindowsStandalone target not found
Native extension for WebGL target not found
Refreshing native plugins compatible for Editor in 0.95 ms, found 3 plugins.
Preloading 0 native plugins for Editor in 0.00 ms.
URP-HighFidelity-Renderer is missing RendererFeatures
This could be due to missing scripts or compile error.
UnityEngine.StackTraceUtility:ExtractStackTrace ()
UnityEngine.DebugLogHandler:LogFormat (UnityEngine.LogType,UnityEngine.Object,string,object[])
UnityEngine.Logger:Log (UnityEngine.LogType,object,UnityEngine.Object)
UnityEngine.Debug:LogError (object,UnityEngine.Object)
UnityEngine.Rendering.Universal.ScriptableRendererData:ValidateRendererFeatures () (at Library/PackageCache/com.unity.render-pipelines.universal@12.1.11/Runtime/ScriptableRendererData.cs:185)
UnityEngine.Rendering.Universal.ScriptableRendererData:OnValidate () (at Library/PackageCache/com.unity.render-pipelines.universal@12.1.11/Runtime/ScriptableRendererData.cs:80)
UnityEngine.Rendering.Universal.UniversalRendererData:OnValidate () (at Library/PackageCache/com.unity.render-pipelines.universal@12.1.11/Runtime/UniversalRendererData.cs:282)

(Filename: Library/PackageCache/com.unity.render-pipelines.universal@12.1.11/Runtime/ScriptableRendererData.cs Line: 185)

Mono: successfully reloaded assembly
- Completed reload, in  1.131 seconds
Domain Reload Profiling:
	ReloadAssembly (1131ms)
		BeginReloadAssembly (145ms)
			ExecutionOrderSort (0ms)
			DisableScriptedObjects (5ms)
			BackupInstance (0ms)
			ReleaseScriptingObjects (0ms)
			CreateAndSetChildDomain (40ms)
		EndReloadAssembly (890ms)
			LoadAssemblies (96ms)
			RebuildTransferFunctionScriptingTraits (0ms)
			SetupTypeCache (273ms)
			ReleaseScriptCaches (2ms)
			RebuildScriptCaches (50ms)
			SetupLoadedEditorAssemblies (418ms)
				LogAssemblyErrors (0ms)
				InitializePlatformSupportModulesInManaged (7ms)
				SetLoadedEditorAssemblies (0ms)
				RefreshPlugins (1ms)
				BeforeProcessingInitializeOnLoad (80ms)
				ProcessInitializeOnLoadAttributes (245ms)
				ProcessInitializeOnLoadMethodAttributes (79ms)
				AfterProcessingInitializeOnLoad (6ms)
				EditorAssembliesLoaded (0ms)
			ExecutionOrderSort2 (0ms)
			AwakeInstancesAfterBackupRestoration (23ms)
Platform modules already initialized, skipping
Refreshing native plugins compatible for Editor in 2.80 ms, found 3 plugins.
Preloading 0 native plugins for Editor in 0.00 ms.
Unloading 5381 Unused Serialized files (Serialized files now loaded: 0)
Unloading 24 unused Assets / (442.4 KB). Loaded Objects now: 6028.
Memory consumption went from 212.1 MB to 211.7 MB.
Total: 8.397700 ms (FindLiveObjects: 0.792300 ms CreateObjectMapping: 0.923400 ms MarkObjects: 6.024200 ms  DeleteObjects: 0.655000 ms)

AssetImportParameters requested are different than current active one (requested -> active):
  custom:video-decoder-ogg-theora: a1e56fd34408186e4bbccfd4996cb3dc -> 
  custom:container-muxer-webm: aa71ff27fc2769a1b78a27578f13a17b -> 
  custom:container-demuxer-webm: 4f35f7cbe854078d1ac9338744f61a02 -> 
  custom:video-encoder-webm-vp8: eb34c28f22e8b96e1ab97ce403110664 -> 
  custom:audio-encoder-webm-vorbis: bf7c407c2cedff20999df2af8eb42d56 -> 
  custom:framework-win-MediaFoundation: 216162199b28c13a410421893ffa2e32 -> 
  custom:container-demuxer-ogg: 62fdf1f143b41e24485cea50d1cbac27 -> 
  custom:video-decoder-webm-vp8: 9c59270c3fd7afecdb556c50c9e8de78 -> 
  custom:audio-decoder-ogg-vorbis: bf7c407c2cedff20999df2af8eb42d56 -> 
========================================================================
Received Import Request.
  Time since last request: 310.908187 seconds.
  path: Assets/Textures/grass_basecolorGS.png
  artifactKey: Guid(41254821b9350f04d8eea2aff23f8300) Importer(815301076,1909f56bfc062723c751e8b465ee728b)
Start importing Assets/Textures/grass_basecolorGS.png using Guid(41254821b9350f04d8eea2aff23f8300) Importer(815301076,1909f56bfc062723c751e8b465ee728b)  -> (artifact id: '15fe8a06a47a32592ff1dfbd1faf2f19') in 0.101949 seconds 
========================================================================
Received Import Request.
  Time since last request: 0.000024 seconds.
  path: Assets/Textures/cliff_basecolor.png
  artifactKey: Guid(1475779403547cf49a44b0f13aa39d5a) Importer(815301076,1909f56bfc062723c751e8b465ee728b)
Start importing Assets/Textures/cliff_basecolor.png using Guid(1475779403547cf49a44b0f13aa39d5a) Importer(815301076,1909f56bfc062723c751e8b465ee728b)  -> (artifact id: '8fd0a1448b246ef352d50986bcb27bc2') in 0.008121 seconds 
========================================================================
Received Import Request.
  Time since last request: 8.095494 seconds.
  path: Assets/Textures/cliff_normal.png
  artifactKey: Guid(c1421c697c5e5d743be5dceda3bb0e71) Importer(815301076,1909f56bfc062723c751e8b465ee728b)
Start importing Assets/Textures/cliff_normal.png using Guid(c1421c697c5e5d743be5dceda3bb0e71) Importer(815301076,1909f56bfc062723c751e8b465ee728b)  -> (artifact id: '6e8a3eb9daeaf3bee4c08adb85c072b6') in 0.042783 seconds 
========================================================================
Received Import Request.
  Time since last request: 7.251723 seconds.
  path: Assets/Textures/grass_normal.png
  artifactKey: Guid(9975588e7e2f43c44b10a769bf21abf3) Importer(815301076,1909f56bfc062723c751e8b465ee728b)
Start importing Assets/Textures/grass_normal.png using Guid(9975588e7e2f43c44b10a769bf21abf3) Importer(815301076,1909f56bfc062723c751e8b465ee728b)  -> (artifact id: 'b9eafac7cd8e505f434feb7bbd178c82') in 0.014276 seconds 
========================================================================
Received Import Request.
  Time since last request: 500.841090 seconds.
  path: Assets/Audio/Music
  artifactKey: Guid(55a072553985f5f48a27e99be06baa41) Importer(815301076,1909f56bfc062723c751e8b465ee728b)
Start importing Assets/Audio/Music using Guid(55a072553985f5f48a27e99be06baa41) Importer(815301076,1909f56bfc062723c751e8b465ee728b)  -> (artifact id: 'b3e3bce467d9a1f4f7f2511c4a94d563') in 0.002204 seconds 
========================================================================
Received Import Request.
  Time since last request: 0.000041 seconds.
  path: Assets/Audio/SFX/hologramAmbianceSound.wav
  artifactKey: Guid(f3d4a2745df7bed4193dbeb0ce3586a4) Importer(815301076,1909f56bfc062723c751e8b465ee728b)
Start importing Assets/Audio/SFX/hologramAmbianceSound.wav using Guid(f3d4a2745df7bed4193dbeb0ce3586a4) Importer(815301076,1909f56bfc062723c751e8b465ee728b)  -> (artifact id: 'ac0e75388b5d2aa62683db312d916c7d') in 0.049748 seconds 
========================================================================
Received Import Request.
  Time since last request: 0.000032 seconds.
  path: Assets/Audio/SFX/correctIngredientAdded.wav
  artifactKey: Guid(54dc5c73188f6a347a24f3eb7b1cea8d) Importer(815301076,1909f56bfc062723c751e8b465ee728b)
Start importing Assets/Audio/SFX/correctIngredientAdded.wav using Guid(54dc5c73188f6a347a24f3eb7b1cea8d) Importer(815301076,1909f56bfc062723c751e8b465ee728b)  -> (artifact id: '12f1d644493169361c51c8f1dbf377c1') in 0.005796 seconds 
========================================================================
Received Import Request.
  Time since last request: 0.000025 seconds.
  path: Assets/Audio/SFX/cauldronBubblingAmbience.wav
  artifactKey: Guid(a01e2cc5240af5749a540a0ef95a3530) Importer(815301076,1909f56bfc062723c751e8b465ee728b)
Start importing Assets/Audio/SFX/cauldronBubblingAmbience.wav using Guid(a01e2cc5240af5749a540a0ef95a3530) Importer(815301076,1909f56bfc062723c751e8b465ee728b)  -> (artifact id: '57411a42fd4bf4002e96990f41a7166f') in 0.005681 seconds 
========================================================================
Received Import Request.
  Time since last request: 0.000023 seconds.
  path: Assets/Audio/SFX/grindingIngredients.wav
  artifactKey: Guid(9a9474336e0d3c543ae24a09d9dee423) Importer(815301076,1909f56bfc062723c751e8b465ee728b)
Start importing Assets/Audio/SFX/grindingIngredients.wav using Guid(9a9474336e0d3c543ae24a09d9dee423) Importer(815301076,1909f56bfc062723c751e8b465ee728b)  -> (artifact id: '2b3981283da8aff9e7c5a4c11f36b810') in 0.030353 seconds 
========================================================================
Received Import Request.
  Time since last request: 0.000033 seconds.
  path: Assets/Audio/SFX/wrongIngredientAdded.wav
  artifactKey: Guid(8b7b4a23b93b0fa46866b73493eeca78) Importer(815301076,1909f56bfc062723c751e8b465ee728b)
Start importing Assets/Audio/SFX/wrongIngredientAdded.wav using Guid(8b7b4a23b93b0fa46866b73493eeca78) Importer(815301076,1909f56bfc062723c751e8b465ee728b)  -> (artifact id: '9f424e6f1af9a09a92f2802eb91d86a7') in 0.007900 seconds 
========================================================================
Received Import Request.
  Time since last request: 0.000024 seconds.
  path: Assets/Audio/SFX/getIngredient_Leaves.wav
  artifactKey: Guid(e39b6b81040f534459b04cd5a5357a54) Importer(815301076,1909f56bfc062723c751e8b465ee728b)
Start importing Assets/Audio/SFX/getIngredient_Leaves.wav using Guid(e39b6b81040f534459b04cd5a5357a54) Importer(815301076,1909f56bfc062723c751e8b465ee728b)  -> (artifact id: 'b9bc5ff0f382e67d54dbb054b83e50c4') in 0.010829 seconds 
========================================================================
Received Import Request.
  Time since last request: 0.000022 seconds.
  path: Assets/Audio/SFX/getIngredient_Soft.wav
  artifactKey: Guid(0737028dd9cefd44d82abc43a0414037) Importer(815301076,1909f56bfc062723c751e8b465ee728b)
Start importing Assets/Audio/SFX/getIngredient_Soft.wav using Guid(0737028dd9cefd44d82abc43a0414037) Importer(815301076,1909f56bfc062723c751e8b465ee728b)  -> (artifact id: '7903e5c512046a4b5bad6a80e6071afe') in 0.014035 seconds 
========================================================================
Received Import Request.
  Time since last request: 0.000024 seconds.
  path: Assets/Audio/SFX/getIngredient_Grinded.wav
  artifactKey: Guid(f8871e1fb4925894d88102e1988c66b7) Importer(815301076,1909f56bfc062723c751e8b465ee728b)
Start importing Assets/Audio/SFX/getIngredient_Grinded.wav using Guid(f8871e1fb4925894d88102e1988c66b7) Importer(815301076,1909f56bfc062723c751e8b465ee728b)  -> (artifact id: '8b655fb2dadd2cfe37b469982ab48370') in 0.015505 seconds 
========================================================================
Received Import Request.
  Time since last request: 0.000030 seconds.
  path: Assets/Audio/SFX
  artifactKey: Guid(4806f70ddd027c24f9324529be110fe9) Importer(815301076,1909f56bfc062723c751e8b465ee728b)
Start importing Assets/Audio/SFX using Guid(4806f70ddd027c24f9324529be110fe9) Importer(815301076,1909f56bfc062723c751e8b465ee728b)  -> (artifact id: '49308a4735c932e0397c4ac3ad132d3f') in 0.001402 seconds 
========================================================================
Received Import Request.
  Time since last request: 0.810311 seconds.
  path: Assets/Audio/SFX/Cat
  artifactKey: Guid(4c102474030e92741bacadff5bb18bd8) Importer(815301076,1909f56bfc062723c751e8b465ee728b)
Start importing Assets/Audio/SFX/Cat using Guid(4c102474030e92741bacadff5bb18bd8) Importer(815301076,1909f56bfc062723c751e8b465ee728b)  -> (artifact id: 'c67baed22f00382891c0c8dd60d6ae5d') in 0.001478 seconds 
========================================================================
Received Import Request.
  Time since last request: 0.060609 seconds.
  path: Assets/Audio/SFX/Cat/catStep1.wav
  artifactKey: Guid(07adfb63e4c9fc64994c9d7aa909b235) Importer(815301076,1909f56bfc062723c751e8b465ee728b)
Start importing Assets/Audio/SFX/Cat/catStep1.wav using Guid(07adfb63e4c9fc64994c9d7aa909b235) Importer(815301076,1909f56bfc062723c751e8b465ee728b)  -> (artifact id: 'fe4ca4d99dd1bc597775bd484fa2554b') in 0.113096 seconds 
========================================================================
Received Import Request.
  Time since last request: 0.000032 seconds.
  path: Assets/Audio/SFX/Cat/catStep2.wav
  artifactKey: Guid(4420abacc8470b94a9d82cb1b1c7152d) Importer(815301076,1909f56bfc062723c751e8b465ee728b)
Start importing Assets/Audio/SFX/Cat/catStep2.wav using Guid(4420abacc8470b94a9d82cb1b1c7152d) Importer(815301076,1909f56bfc062723c751e8b465ee728b)  -> (artifact id: '51b0379fe2d7bf5db4094c3c35cd7a70') in 0.007881 seconds 
========================================================================
Received Import Request.
  Time since last request: 0.000022 seconds.
  path: Assets/Audio/SFX/Cat/meaaaaaaaw.wav
  artifactKey: Guid(f2f0d658dbbd8bd4c9e9252d545b0eff) Importer(815301076,1909f56bfc062723c751e8b465ee728b)
Start importing Assets/Audio/SFX/Cat/meaaaaaaaw.wav using Guid(f2f0d658dbbd8bd4c9e9252d545b0eff) Importer(815301076,1909f56bfc062723c751e8b465ee728b)  -> (artifact id: '89b8fe544d1a3dc42423bfd11bdf7f85') in 0.006592 seconds 
========================================================================
Received Import Request.
  Time since last request: 0.000032 seconds.
  path: Assets/Audio/SFX/Cat/meeeeeew.wav
  artifactKey: Guid(4f562214c4fd8ae4f80ea020042952ad) Importer(815301076,1909f56bfc062723c751e8b465ee728b)
Start importing Assets/Audio/SFX/Cat/meeeeeew.wav using Guid(4f562214c4fd8ae4f80ea020042952ad) Importer(815301076,1909f56bfc062723c751e8b465ee728b)  -> (artifact id: '00942a23ac93029b08ce6f02ce157631') in 0.013140 seconds 
========================================================================
Received Import Request.
  Time since last request: 1241.514889 seconds.
  path: Assets/Materials/Barkl.mat
  artifactKey: Guid(ee3a05b941af8e8449ce70e9ea4e4002) Importer(815301076,1909f56bfc062723c751e8b465ee728b)
Start importing Assets/Materials/Barkl.mat using Guid(ee3a05b941af8e8449ce70e9ea4e4002) Importer(815301076,1909f56bfc062723c751e8b465ee728b)  -> (artifact id: '6fed3f1523c375d16d1d70df38078e4c') in 0.235099 seconds 
========================================================================
Received Import Request.
  Time since last request: 0.000036 seconds.
  path: Assets/Materials/Unity.mat
  artifactKey: Guid(82339f0ec246ad243af153fe77f99ea6) Importer(815301076,1909f56bfc062723c751e8b465ee728b)
Start importing Assets/Materials/Unity.mat using Guid(82339f0ec246ad243af153fe77f99ea6) Importer(815301076,1909f56bfc062723c751e8b465ee728b)  -> (artifact id: '100eadd4aef0c4ca731ba17fc29c8900') in 0.208347 seconds 
========================================================================
Received Import Request.
  Time since last request: 0.000037 seconds.
  path: Assets/Models/BottleHouse.fbx
  artifactKey: Guid(9afc91f64abd41e4f8f3f0d2f1242d64) Importer(815301076,1909f56bfc062723c751e8b465ee728b)
Start importing Assets/Models/BottleHouse.fbx using Guid(9afc91f64abd41e4f8f3f0d2f1242d64) Importer(815301076,1909f56bfc062723c751e8b465ee728b)  -> (artifact id: '76acdcd35af6ed2f2359d8bccafb5a03') in 0.052940 seconds 
========================================================================
Received Import Request.
  Time since last request: 0.000025 seconds.
  path: Assets/Materials/blink.mat
  artifactKey: Guid(a963d85074491444093e8285541f34e3) Importer(815301076,1909f56bfc062723c751e8b465ee728b)
Start importing Assets/Materials/blink.mat using Guid(a963d85074491444093e8285541f34e3) Importer(815301076,1909f56bfc062723c751e8b465ee728b)  -> (artifact id: 'c2bcccab1652c935d61cdfa2bfa375f3') in 0.012063 seconds 
========================================================================
Received Import Request.
  Time since last request: 0.000026 seconds.
  path: Assets/Materials/Gradient.mat
  artifactKey: Guid(cf37200a593b9e946a38cfdf2d27906f) Importer(815301076,1909f56bfc062723c751e8b465ee728b)
Start importing Assets/Materials/Gradient.mat using Guid(cf37200a593b9e946a38cfdf2d27906f) Importer(815301076,1909f56bfc062723c751e8b465ee728b)  -> (artifact id: '2925a4b0ad8abde731e9455fa524fb33') in 0.009000 seconds 
========================================================================
Received Import Request.
  Time since last request: 0.000044 seconds.
  path: Assets/Materials/GradientYellow.mat
  artifactKey: Guid(ae0beda78df84da419e3cd02e22003e3) Importer(815301076,1909f56bfc062723c751e8b465ee728b)
Start importing Assets/Materials/GradientYellow.mat using Guid(ae0beda78df84da419e3cd02e22003e3) Importer(815301076,1909f56bfc062723c751e8b465ee728b)  -> (artifact id: '2f7574085b5d51b0e4dfa6fefa249b17') in 0.009722 seconds 
========================================================================
Received Import Request.
  Time since last request: 0.000033 seconds.
  path: Assets/Materials/closedMouth.mat
  artifactKey: Guid(129a098eba50f424bbfca9b941f6899a) Importer(815301076,1909f56bfc062723c751e8b465ee728b)
Start importing Assets/Materials/closedMouth.mat using Guid(129a098eba50f424bbfca9b941f6899a) Importer(815301076,1909f56bfc062723c751e8b465ee728b)  -> (artifact id: '81c6d01765b6a49fc0ea788824d75078') in 0.011817 seconds 
========================================================================
Received Import Request.
  Time since last request: 0.000029 seconds.
  path: Assets/Materials/Cauldron.mat
  artifactKey: Guid(586d165601819014a9f6517d6f0ba0e3) Importer(815301076,1909f56bfc062723c751e8b465ee728b)
Start importing Assets/Materials/Cauldron.mat using Guid(586d165601819014a9f6517d6f0ba0e3) Importer(815301076,1909f56bfc062723c751e8b465ee728b)  -> (artifact id: 'cd1f67802347aeee403f5f5f6a02715d') in 0.011071 seconds 
========================================================================
Received Import Request.
  Time since last request: 0.000034 seconds.
  path: Assets/Materials/wink.mat
  artifactKey: Guid(755d7546a63063a4fa64122b2155564d) Importer(815301076,1909f56bfc062723c751e8b465ee728b)
Start importing Assets/Materials/wink.mat using Guid(755d7546a63063a4fa64122b2155564d) Importer(815301076,1909f56bfc062723c751e8b465ee728b)  -> (artifact id: 'b03e5325d51250e636d9e1938d510a45') in 0.011571 seconds 
========================================================================
Received Import Request.
  Time since last request: 0.000026 seconds.
  path: Assets/Materials/grid 3.mat
  artifactKey: Guid(3448aae8caeedd14c87aa57d8bcb4ee4) Importer(815301076,1909f56bfc062723c751e8b465ee728b)
Start importing Assets/Materials/grid 3.mat using Guid(3448aae8caeedd14c87aa57d8bcb4ee4) Importer(815301076,1909f56bfc062723c751e8b465ee728b)  -> (artifact id: 'c2d39b04d88fc85c2aeda76f518be8bc') in 0.010795 seconds 
========================================================================
Received Import Request.
  Time since last request: 0.000037 seconds.
  path: Assets/Materials/Nature.mat
  artifactKey: Guid(a7bd642bb3aa3b44bacd46ad350d5a9a) Importer(815301076,1909f56bfc062723c751e8b465ee728b)
Start importing Assets/Materials/Nature.mat using Guid(a7bd642bb3aa3b44bacd46ad350d5a9a) Importer(815301076,1909f56bfc062723c751e8b465ee728b)  -> (artifact id: 'c71124e3785c0f5bb84332d14b289d22') in 0.012655 seconds 
========================================================================
Received Import Request.
  Time since last request: 0.000042 seconds.
  path: Assets/Models/Hedge - Copy.fbx
  artifactKey: Guid(ee593627c276958488611d093e9e55f5) Importer(815301076,1909f56bfc062723c751e8b465ee728b)
Start importing Assets/Models/Hedge - Copy.fbx using Guid(ee593627c276958488611d093e9e55f5) Importer(815301076,1909f56bfc062723c751e8b465ee728b)  -> (artifact id: 'c1ee61a5624bd30e3ee4e5360e3ca63c') in 0.715172 seconds 
========================================================================
Received Import Request.
  Time since last request: 0.000030 seconds.
  path: Assets/Models/EmiliaFinalized.fbx
  artifactKey: Guid(3f271ba8bdf0b6d43a59cade8917b806) Importer(815301076,1909f56bfc062723c751e8b465ee728b)
Start importing Assets/Models/EmiliaFinalized.fbx using Guid(3f271ba8bdf0b6d43a59cade8917b806) Importer(815301076,1909f56bfc062723c751e8b465ee728b)  -> (artifact id: 'bb7d647d14ec822337306a0bd6aaef8c') in 0.089301 seconds 
========================================================================
Received Import Request.
  Time since last request: 0.000036 seconds.
  path: Assets/Materials/witch.mat
  artifactKey: Guid(6d48c5f6fcab9a4488778e5f98a7d4f0) Importer(815301076,1909f56bfc062723c751e8b465ee728b)
Start importing Assets/Materials/witch.mat using Guid(6d48c5f6fcab9a4488778e5f98a7d4f0) Importer(815301076,1909f56bfc062723c751e8b465ee728b)  -> (artifact id: '8d1dd0ab1ee2d056b0d8d972cd226e5d') in 0.024002 seconds 
========================================================================
Received Import Request.
  Time since last request: 0.000025 seconds.
  path: Assets/Materials/Leaves.mat
  artifactKey: Guid(92fede6b328ae964d9d7670eed62f417) Importer(815301076,1909f56bfc062723c751e8b465ee728b)
Start importing Assets/Materials/Leaves.mat using Guid(92fede6b328ae964d9d7670eed62f417) Importer(815301076,1909f56bfc062723c751e8b465ee728b)  -> (artifact id: '68182d4116fce29be0eae60d2fb8329e') in 0.009004 seconds 
========================================================================
Received Import Request.
  Time since last request: 0.000023 seconds.
  path: Assets/Models/Tree1.fbx
  artifactKey: Guid(36def72960bf103479fe694991e42a4f) Importer(815301076,1909f56bfc062723c751e8b465ee728b)
Start importing Assets/Models/Tree1.fbx using Guid(36def72960bf103479fe694991e42a4f) Importer(815301076,1909f56bfc062723c751e8b465ee728b)  -> (artifact id: '9de7650c3185175199775acae6cf40e4') in 0.028519 seconds 
========================================================================
Received Import Request.
  Time since last request: 0.000026 seconds.
  path: Assets/Models/HousePieces.fbx
  artifactKey: Guid(a3b160df99d02dd4eaadce12bb33c776) Importer(815301076,1909f56bfc062723c751e8b465ee728b)
Start importing Assets/Models/HousePieces.fbx using Guid(a3b160df99d02dd4eaadce12bb33c776) Importer(815301076,1909f56bfc062723c751e8b465ee728b)  -> (artifact id: 'b4b6fd761796fde858eca11901f3fe98') in 0.078097 seconds 
========================================================================
Received Import Request.
  Time since last request: 0.000022 seconds.
  path: Assets/Materials/Pickup.mat
  artifactKey: Guid(36183a069a777384aa25144ce037df5b) Importer(815301076,1909f56bfc062723c751e8b465ee728b)
Start importing Assets/Materials/Pickup.mat using Guid(36183a069a777384aa25144ce037df5b) Importer(815301076,1909f56bfc062723c751e8b465ee728b)  -> (artifact id: '4e337e10e21461251ac7f85263b8bb6c') in 0.009029 seconds 
========================================================================
Received Import Request.
  Time since last request: 0.000027 seconds.
  path: Assets/Materials/grid 4.mat
  artifactKey: Guid(609f397caa3c87443bcef650fa57872e) Importer(815301076,1909f56bfc062723c751e8b465ee728b)
Start importing Assets/Materials/grid 4.mat using Guid(609f397caa3c87443bcef650fa57872e) Importer(815301076,1909f56bfc062723c751e8b465ee728b)  -> (artifact id: '8e1cdd149095c04930e14a3c44dd021a') in 0.008541 seconds 
========================================================================
Received Import Request.
  Time since last request: 0.000039 seconds.
  path: Assets/Materials/grid.mat
  artifactKey: Guid(e4e2067a12bf52f44bdaa3c6bb3fec12) Importer(815301076,1909f56bfc062723c751e8b465ee728b)
Start importing Assets/Materials/grid.mat using Guid(e4e2067a12bf52f44bdaa3c6bb3fec12) Importer(815301076,1909f56bfc062723c751e8b465ee728b)  -> (artifact id: 'd6cac63f1c14fd98ce791bad8621bf30') in 0.008884 seconds 
========================================================================
Received Import Request.
  Time since last request: 0.000031 seconds.
  path: Assets/Models/Cat.fbx
  artifactKey: Guid(4a596b1c7c2d5ce43a1265da75fd6030) Importer(815301076,1909f56bfc062723c751e8b465ee728b)
Start importing Assets/Models/Cat.fbx using Guid(4a596b1c7c2d5ce43a1265da75fd6030) Importer(815301076,1909f56bfc062723c751e8b465ee728b)  -> (artifact id: '70cc3cdc8f75bcbedad0eecfa5b7545c') in 0.039775 seconds 
========================================================================
Received Import Request.
  Time since last request: 0.000031 seconds.
  path: Assets/Models/Bell.fbx
  artifactKey: Guid(83c48fe1d6101a5439e4c9b077c028d0) Importer(815301076,1909f56bfc062723c751e8b465ee728b)
Start importing Assets/Models/Bell.fbx using Guid(83c48fe1d6101a5439e4c9b077c028d0) Importer(815301076,1909f56bfc062723c751e8b465ee728b)  -> (artifact id: 'c00f97e171a543ea26b019627ec67ce4') in 0.012742 seconds 
========================================================================
Received Import Request.
  Time since last request: 0.000024 seconds.
  path: Assets/Materials/Leaves 1.mat
  artifactKey: Guid(b877362183c53b14eb1b096f134fdd41) Importer(815301076,1909f56bfc062723c751e8b465ee728b)
Start importing Assets/Materials/Leaves 1.mat using Guid(b877362183c53b14eb1b096f134fdd41) Importer(815301076,1909f56bfc062723c751e8b465ee728b)  -> (artifact id: '0905e58ed60077dae9264c7fd01af013') in 0.010890 seconds 
========================================================================
Received Import Request.
  Time since last request: 0.000025 seconds.
  path: Assets/Materials/HedgeLeaves 1.mat
  artifactKey: Guid(985d0293e7ffc92498e63bbb88ae395c) Importer(815301076,1909f56bfc062723c751e8b465ee728b)
Start importing Assets/Materials/HedgeLeaves 1.mat using Guid(985d0293e7ffc92498e63bbb88ae395c) Importer(815301076,1909f56bfc062723c751e8b465ee728b)  -> (artifact id: 'a9cca794011a55bfef40c442f2995296') in 0.115861 seconds 
========================================================================
Received Import Request.
  Time since last request: 0.000036 seconds.
  path: Assets/Materials/grid 1.mat
  artifactKey: Guid(d4c2891cf33ae224caf0d2d387eb931a) Importer(815301076,1909f56bfc062723c751e8b465ee728b)
Start importing Assets/Materials/grid 1.mat using Guid(d4c2891cf33ae224caf0d2d387eb931a) Importer(815301076,1909f56bfc062723c751e8b465ee728b)  -> (artifact id: '5594a255c63eca6d5547614ba9f31204') in 0.008656 seconds 
========================================================================
Received Import Request.
  Time since last request: 0.000027 seconds.
  path: Assets/Models/MortarAndPestle.fbx
  artifactKey: Guid(651312093dcbb654ebccff8baec19fe1) Importer(815301076,1909f56bfc062723c751e8b465ee728b)
Start importing Assets/Models/MortarAndPestle.fbx using Guid(651312093dcbb654ebccff8baec19fe1) Importer(815301076,1909f56bfc062723c751e8b465ee728b)  -> (artifact id: '40dfc5d233535e4c8fef120581cf6be5') in 0.044981 seconds 
========================================================================
Received Import Request.
  Time since last request: 0.000030 seconds.
  path: Assets/Materials/CatMouth.mat
  artifactKey: Guid(8c73a363132471841ba429be2371a901) Importer(815301076,1909f56bfc062723c751e8b465ee728b)
Start importing Assets/Materials/CatMouth.mat using Guid(8c73a363132471841ba429be2371a901) Importer(815301076,1909f56bfc062723c751e8b465ee728b)  -> (artifact id: 'fbcf1b06b5d6aff03e3eded0a7b72807') in 0.009410 seconds 
========================================================================
Received Import Request.
  Time since last request: 0.000039 seconds.
  path: Assets/Models/Diamond.fbx
  artifactKey: Guid(3e4895e12a17c50449f4bc1e007ce183) Importer(815301076,1909f56bfc062723c751e8b465ee728b)
Start importing Assets/Models/Diamond.fbx using Guid(3e4895e12a17c50449f4bc1e007ce183) Importer(815301076,1909f56bfc062723c751e8b465ee728b)  -> (artifact id: '7d580aeb13452737d94e482c704ae109') in 0.022902 seconds 
========================================================================
Received Import Request.
  Time since last request: 0.000024 seconds.
  path: Assets/Materials/grid 5.mat
  artifactKey: Guid(431f92f78a748e044a825b704e7186e5) Importer(815301076,1909f56bfc062723c751e8b465ee728b)
Start importing Assets/Materials/grid 5.mat using Guid(431f92f78a748e044a825b704e7186e5) Importer(815301076,1909f56bfc062723c751e8b465ee728b)  -> (artifact id: '26795a44e46e558a5639b7c0b999478a') in 0.008425 seconds 
========================================================================
Received Import Request.
  Time since last request: 0.000027 seconds.
  path: Assets/Models/IngredientModels.fbx
  artifactKey: Guid(fade055e2f2357c4b85940e1a23a9312) Importer(815301076,1909f56bfc062723c751e8b465ee728b)
Start importing Assets/Models/IngredientModels.fbx using Guid(fade055e2f2357c4b85940e1a23a9312) Importer(815301076,1909f56bfc062723c751e8b465ee728b)  -> (artifact id: '017321a8d123f77db025a7438ee503ff') in 0.115618 seconds 
========================================================================
Received Import Request.
  Time since last request: 0.000025 seconds.
  path: Assets/Materials/Diamond.mat
  artifactKey: Guid(ed997b2b2eabb384b9d6182ecbac90bf) Importer(815301076,1909f56bfc062723c751e8b465ee728b)
Start importing Assets/Materials/Diamond.mat using Guid(ed997b2b2eabb384b9d6182ecbac90bf) Importer(815301076,1909f56bfc062723c751e8b465ee728b)  -> (artifact id: '0a28d85885ab28552b45de695bd978a6') in 0.035601 seconds 
========================================================================
Received Import Request.
  Time since last request: 0.000027 seconds.
  path: Assets/Materials/Grass.mat
  artifactKey: Guid(f75ad9112698e74488bb3fd24fe7d669) Importer(815301076,1909f56bfc062723c751e8b465ee728b)
Start importing Assets/Materials/Grass.mat using Guid(f75ad9112698e74488bb3fd24fe7d669) Importer(815301076,1909f56bfc062723c751e8b465ee728b)  -> (artifact id: '0ad5019a0f6d2330ecb66d54ab497a86') in 0.012125 seconds 
========================================================================
Received Import Request.
  Time since last request: 0.000043 seconds.
  path: Assets/Materials/House.mat
  artifactKey: Guid(d11c4de3d8a5e90429431cc41959def9) Importer(815301076,1909f56bfc062723c751e8b465ee728b)
Start importing Assets/Materials/House.mat using Guid(d11c4de3d8a5e90429431cc41959def9) Importer(815301076,1909f56bfc062723c751e8b465ee728b)  -> (artifact id: '2bb5a9f3e1b1087d958213fb7a56e0ca') in 0.025904 seconds 
========================================================================
Received Import Request.
  Time since last request: 0.000027 seconds.
  path: Assets/Materials/cat 1.mat
  artifactKey: Guid(7ab72e10357a2304b999beb433d297a3) Importer(815301076,1909f56bfc062723c751e8b465ee728b)
Start importing Assets/Materials/cat 1.mat using Guid(7ab72e10357a2304b999beb433d297a3) Importer(815301076,1909f56bfc062723c751e8b465ee728b)  -> (artifact id: 'cd7a7de4353e501ae44f0f77277a3846') in 0.009076 seconds 
========================================================================
Received Import Request.
  Time since last request: 0.000028 seconds.
  path: Assets/Materials/HedgeLeaves.mat
  artifactKey: Guid(f017c6de3ffd97c40ac08b5a12eb7f32) Importer(815301076,1909f56bfc062723c751e8b465ee728b)
Start importing Assets/Materials/HedgeLeaves.mat using Guid(f017c6de3ffd97c40ac08b5a12eb7f32) Importer(815301076,1909f56bfc062723c751e8b465ee728b)  -> (artifact id: 'a14629b532f10633d328e2f3dd15ae8d') in 0.015502 seconds 
========================================================================
Received Import Request.
  Time since last request: 0.000033 seconds.
  path: Assets/Models/CatNature2.fbx
  artifactKey: Guid(b6709dbf904cdfe4dad020956fa2fe90) Importer(815301076,1909f56bfc062723c751e8b465ee728b)
Start importing Assets/Models/CatNature2.fbx using Guid(b6709dbf904cdfe4dad020956fa2fe90) Importer(815301076,1909f56bfc062723c751e8b465ee728b)  -> (artifact id: '10089b8b7a2d0f5fd448ded701cd93db') in 0.100659 seconds 
========================================================================
Received Import Request.
  Time since last request: 0.000024 seconds.
  path: Assets/Models/Cauldron.fbx
  artifactKey: Guid(360d50a911010444090806be9da1cfbb) Importer(815301076,1909f56bfc062723c751e8b465ee728b)
Start importing Assets/Models/Cauldron.fbx using Guid(360d50a911010444090806be9da1cfbb) Importer(815301076,1909f56bfc062723c751e8b465ee728b)  -> (artifact id: '13bc104f160bd24c563f5e7d8a71ea71') in 0.026222 seconds 
========================================================================
Received Import Request.
  Time since last request: 0.000027 seconds.
  path: Assets/Materials/openMouth.mat
  artifactKey: Guid(ab4c056aa56f3a642bf1d7cba7f68c16) Importer(815301076,1909f56bfc062723c751e8b465ee728b)
Start importing Assets/Materials/openMouth.mat using Guid(ab4c056aa56f3a642bf1d7cba7f68c16) Importer(815301076,1909f56bfc062723c751e8b465ee728b)  -> (artifact id: '50dfb3ff98846eab4ebefd7d058281e0') in 0.016930 seconds 
========================================================================
Received Import Request.
  Time since last request: 0.000056 seconds.
  path: Assets/Materials/Bell.mat
  artifactKey: Guid(47a2de2ed08489645b0cfe48aab0620f) Importer(815301076,1909f56bfc062723c751e8b465ee728b)
Start importing Assets/Materials/Bell.mat using Guid(47a2de2ed08489645b0cfe48aab0620f) Importer(815301076,1909f56bfc062723c751e8b465ee728b)  -> (artifact id: 'ee857a2f7c101fe829f7645e7d9876b4') in 0.025776 seconds 
========================================================================
Received Import Request.
  Time since last request: 0.000036 seconds.
  path: Assets/Models/Hedge.fbx
  artifactKey: Guid(e458e0907490f0f4ba5d76533e32ad57) Importer(815301076,1909f56bfc062723c751e8b465ee728b)
Start importing Assets/Models/Hedge.fbx using Guid(e458e0907490f0f4ba5d76533e32ad57) Importer(815301076,1909f56bfc062723c751e8b465ee728b)  -> (artifact id: '0c3769997d6930db3f7fcf3b2ea4dd10') in 0.033093 seconds 
========================================================================
Received Import Request.
  Time since last request: 0.000036 seconds.
  path: Assets/Materials/Bell 1.mat
  artifactKey: Guid(80e78174cfddbf64f8ff3c99bce9aa9a) Importer(815301076,1909f56bfc062723c751e8b465ee728b)
Start importing Assets/Materials/Bell 1.mat using Guid(80e78174cfddbf64f8ff3c99bce9aa9a) Importer(815301076,1909f56bfc062723c751e8b465ee728b)  -> (artifact id: '1f760f5e8b61da0f4f72d1c7ae29ad38') in 0.007353 seconds 
========================================================================
Received Import Request.
  Time since last request: 0.000024 seconds.
  path: Assets/Materials/grid 2.mat
  artifactKey: Guid(60a3d128b66587a4eac1e9d9bff31af2) Importer(815301076,1909f56bfc062723c751e8b465ee728b)
Start importing Assets/Materials/grid 2.mat using Guid(60a3d128b66587a4eac1e9d9bff31af2) Importer(815301076,1909f56bfc062723c751e8b465ee728b)  -> (artifact id: 'a92fb5467eb543d9ea8ad9d1c134c590') in 0.008368 seconds 
========================================================================
Received Import Request.
  Time since last request: 2.590221 seconds.
  path: Assets/Prefab/Awning.prefab
  artifactKey: Guid(19a309811a501c348aa9c1f9227e083c) Importer(815301076,1909f56bfc062723c751e8b465ee728b)
Start importing Assets/Prefab/Awning.prefab using Guid(19a309811a501c348aa9c1f9227e083c) Importer(815301076,1909f56bfc062723c751e8b465ee728b)  -> (artifact id: '0f9105cc30865058c7901cc45358e3fb') in 0.011834 seconds 
========================================================================
Received Import Request.
  Time since last request: 0.000018 seconds.
  path: Assets/Prefab/BottleHouse.prefab
  artifactKey: Guid(bcd12370d7354f34d8dfd8d68feda0fb) Importer(815301076,1909f56bfc062723c751e8b465ee728b)
Start importing Assets/Prefab/BottleHouse.prefab using Guid(bcd12370d7354f34d8dfd8d68feda0fb) Importer(815301076,1909f56bfc062723c751e8b465ee728b)  -> (artifact id: '8bd2df65bdb54fdcd4161f171ebd0a38') in 0.010254 seconds 
========================================================================
Received Import Request.
  Time since last request: 0.000018 seconds.
  path: Assets/Prefab/Floor.prefab
  artifactKey: Guid(027904e6f930ef44faf7ab399fc99cc3) Importer(815301076,1909f56bfc062723c751e8b465ee728b)
Start importing Assets/Prefab/Floor.prefab using Guid(027904e6f930ef44faf7ab399fc99cc3) Importer(815301076,1909f56bfc062723c751e8b465ee728b)  -> (artifact id: '00c2a324f5b31beee2edfec2b00b1ae4') in 0.007174 seconds 
========================================================================
Received Import Request.
  Time since last request: 0.000018 seconds.
  path: Assets/Prefab/Garden Walls.prefab
  artifactKey: Guid(eb55e62bf4d28494c97df24988be5da6) Importer(815301076,1909f56bfc062723c751e8b465ee728b)
Start importing Assets/Prefab/Garden Walls.prefab using Guid(eb55e62bf4d28494c97df24988be5da6) Importer(815301076,1909f56bfc062723c751e8b465ee728b)  -> (artifact id: '8aed272784235c20b97ec45511ce3ee6') in 0.326160 seconds 
========================================================================
Received Import Request.
  Time since last request: 0.000029 seconds.
  path: Assets/Prefab/Pillar.prefab
  artifactKey: Guid(c89baeeecc575f440ad10269adc15e0b) Importer(815301076,1909f56bfc062723c751e8b465ee728b)
Start importing Assets/Prefab/Pillar.prefab using Guid(c89baeeecc575f440ad10269adc15e0b) Importer(815301076,1909f56bfc062723c751e8b465ee728b)  -> (artifact id: 'f4036d32223062ef1ade04f1e77c342e') in 0.007239 seconds 
========================================================================
Received Import Request.
  Time since last request: 0.000039 seconds.
  path: Assets/Prefab/TriangleWall.prefab
  artifactKey: Guid(825aec7a553e4c1459d6424d2a26abe5) Importer(815301076,1909f56bfc062723c751e8b465ee728b)
Start importing Assets/Prefab/TriangleWall.prefab using Guid(825aec7a553e4c1459d6424d2a26abe5) Importer(815301076,1909f56bfc062723c751e8b465ee728b)  -> (artifact id: '8672efce652894fe42b09fbb5cb89eea') in 0.007641 seconds 
========================================================================
Received Import Request.
  Time since last request: 0.000039 seconds.
  path: Assets/Prefab/Door.prefab
  artifactKey: Guid(37b45b119ef2c5749bb2cc76aaec2af8) Importer(815301076,1909f56bfc062723c751e8b465ee728b)
Start importing Assets/Prefab/Door.prefab using Guid(37b45b119ef2c5749bb2cc76aaec2af8) Importer(815301076,1909f56bfc062723c751e8b465ee728b)  -> (artifact id: '30ca8e52719b89a6348ff95abfe2fd7c') in 0.009224 seconds 
========================================================================
Received Import Request.
  Time since last request: 0.000025 seconds.
  path: Assets/Prefab/Wall.prefab
  artifactKey: Guid(4e312d3761ab67947bb73a98baecae5f) Importer(815301076,1909f56bfc062723c751e8b465ee728b)
Start importing Assets/Prefab/Wall.prefab using Guid(4e312d3761ab67947bb73a98baecae5f) Importer(815301076,1909f56bfc062723c751e8b465ee728b)  -> (artifact id: '9fcd852cb41d247edd30b2b5c561a412') in 0.011899 seconds 
========================================================================
Received Import Request.
  Time since last request: 0.000027 seconds.
  path: Assets/Prefab/Cat.prefab
  artifactKey: Guid(b6dfae67d8a9a524ba9bc0b68531381b) Importer(815301076,1909f56bfc062723c751e8b465ee728b)
Start importing Assets/Prefab/Cat.prefab using Guid(b6dfae67d8a9a524ba9bc0b68531381b) Importer(815301076,1909f56bfc062723c751e8b465ee728b)  -> (artifact id: 'b26ad5a1ddbe35d3d3cfc41a5d0890f9') in 0.022248 seconds 
========================================================================
Received Import Request.
  Time since last request: 0.000027 seconds.
  path: Assets/Prefab/Global Volume.prefab
  artifactKey: Guid(5e6601c4aeee6884b88075caf1290f34) Importer(815301076,1909f56bfc062723c751e8b465ee728b)
Start importing Assets/Prefab/Global Volume.prefab using Guid(5e6601c4aeee6884b88075caf1290f34) Importer(815301076,1909f56bfc062723c751e8b465ee728b)  -> (artifact id: '29a22fceeecb903e9f17e0b6c6aea0db') in 0.004915 seconds 
========================================================================
Received Import Request.
  Time since last request: 0.000027 seconds.
  path: Assets/Prefab/Window.prefab
  artifactKey: Guid(3081a5e652feb574a8dbac1e509a4079) Importer(815301076,1909f56bfc062723c751e8b465ee728b)
Start importing Assets/Prefab/Window.prefab using Guid(3081a5e652feb574a8dbac1e509a4079) Importer(815301076,1909f56bfc062723c751e8b465ee728b)  -> (artifact id: '92db2cd59a567cd0ca02eb22594ece50') in 0.007633 seconds 
========================================================================
Received Import Request.
  Time since last request: 0.000026 seconds.
  path: Assets/Prefab/IngredientImageSlot.prefab
  artifactKey: Guid(37d7fc981963e33439b0d6d2ffb4c2b9) Importer(815301076,1909f56bfc062723c751e8b465ee728b)
Start importing Assets/Prefab/IngredientImageSlot.prefab using Guid(37d7fc981963e33439b0d6d2ffb4c2b9) Importer(815301076,1909f56bfc062723c751e8b465ee728b)  -> (artifact id: '59bc6cf6a39f01ed9396ba35514165ee') in 0.005802 seconds 
========================================================================
Received Import Request.
  Time since last request: 0.000025 seconds.
  path: Assets/Prefab/Roof.prefab
  artifactKey: Guid(31e7eb93bcadd1c4a8623c9ed25af9c9) Importer(815301076,1909f56bfc062723c751e8b465ee728b)
Start importing Assets/Prefab/Roof.prefab using Guid(31e7eb93bcadd1c4a8623c9ed25af9c9) Importer(815301076,1909f56bfc062723c751e8b465ee728b)  -> (artifact id: 'a33fcbade4d5321dc11899a65794c7b3') in 0.016175 seconds 
========================================================================
Received Import Request.
  Time since last request: 0.000026 seconds.
  path: Assets/Prefab/EmiliaGlowUpRigged.fbx
  artifactKey: Guid(5544af00789a53e4a923fc89c9fdde25) Importer(815301076,1909f56bfc062723c751e8b465ee728b)
Start importing Assets/Prefab/EmiliaGlowUpRigged.fbx using Guid(5544af00789a53e4a923fc89c9fdde25) Importer(815301076,1909f56bfc062723c751e8b465ee728b)  -> (artifact id: '2336945ca6a0e6ab1969c3c861478287') in 0.085076 seconds 
========================================================================
Received Import Request.
  Time since last request: 0.000030 seconds.
  path: Assets/Prefab/Terrain.prefab
  artifactKey: Guid(e69eca8c3ce8a9a429d433e2a697c61d) Importer(815301076,1909f56bfc062723c751e8b465ee728b)
Start importing Assets/Prefab/Terrain.prefab using Guid(e69eca8c3ce8a9a429d433e2a697c61d) Importer(815301076,1909f56bfc062723c751e8b465ee728b)  -> (artifact id: '7a7cd50339d945ce06e47caeb20eb2a6') in 0.003076 seconds 
========================================================================
Received Import Request.
  Time since last request: 3.533574 seconds.
  path: Assets/Prefab/Ingredients
  artifactKey: Guid(81e6bc123242e9840b3c753db8db3f88) Importer(815301076,1909f56bfc062723c751e8b465ee728b)
Start importing Assets/Prefab/Ingredients using Guid(81e6bc123242e9840b3c753db8db3f88) Importer(815301076,1909f56bfc062723c751e8b465ee728b)  -> (artifact id: 'f1665c6fe74313139d9d23e86fafa9dd') in 0.001200 seconds 
========================================================================
Received Import Request.
  Time since last request: 1.131790 seconds.
  path: Assets/Prefab/Ingredients/IngredientsObjects/IngredientPhysics.physicMaterial
  artifactKey: Guid(f311741ab9589144898a296694283279) Importer(815301076,1909f56bfc062723c751e8b465ee728b)
Start importing Assets/Prefab/Ingredients/IngredientsObjects/IngredientPhysics.physicMaterial using Guid(f311741ab9589144898a296694283279) Importer(815301076,1909f56bfc062723c751e8b465ee728b)  -> (artifact id: '96d5f0b1137186709e73efa1188e8308') in 0.003867 seconds 
========================================================================
Received Import Request.
  Time since last request: 1.620738 seconds.
  path: Assets/Prefab/Ingredients/PlantsRawPrefab
  artifactKey: Guid(9e3a1259369004448971f2606ff7ac7c) Importer(815301076,1909f56bfc062723c751e8b465ee728b)
Start importing Assets/Prefab/Ingredients/PlantsRawPrefab using Guid(9e3a1259369004448971f2606ff7ac7c) Importer(815301076,1909f56bfc062723c751e8b465ee728b)  -> (artifact id: 'b24ecf173b1dd2a097faac7aec5f87f3') in 0.001429 seconds 
========================================================================
Received Import Request.
  Time since last request: 0.049438 seconds.
  path: Assets/Prefab/Ingredients/PlantsRawPrefab/BlueHerb.prefab
  artifactKey: Guid(208d8491718f1504ba3d21560d3d73b7) Importer(815301076,1909f56bfc062723c751e8b465ee728b)
Start importing Assets/Prefab/Ingredients/PlantsRawPrefab/BlueHerb.prefab using Guid(208d8491718f1504ba3d21560d3d73b7) Importer(815301076,1909f56bfc062723c751e8b465ee728b)  -> (artifact id: 'c2c5369b463afc41dde0281366256c69') in 0.009979 seconds 
========================================================================
Received Import Request.
  Time since last request: 0.000022 seconds.
  path: Assets/Prefab/Ingredients/PlantsRawPrefab/Toadstool.prefab
  artifactKey: Guid(699263f1075e7064ca60ed61c57ef976) Importer(815301076,1909f56bfc062723c751e8b465ee728b)
Start importing Assets/Prefab/Ingredients/PlantsRawPrefab/Toadstool.prefab using Guid(699263f1075e7064ca60ed61c57ef976) Importer(815301076,1909f56bfc062723c751e8b465ee728b)  -> (artifact id: '6f8c31c2f1fda7de7b21ff4aa40e9179') in 0.008626 seconds 
========================================================================
Received Import Request.
  Time since last request: 0.000026 seconds.
  path: Assets/Prefab/Ingredients/PlantsRawPrefab/PoisonIvy.prefab
  artifactKey: Guid(f436019fad9dd784d87f21a63f279352) Importer(815301076,1909f56bfc062723c751e8b465ee728b)
Start importing Assets/Prefab/Ingredients/PlantsRawPrefab/PoisonIvy.prefab using Guid(f436019fad9dd784d87f21a63f279352) Importer(815301076,1909f56bfc062723c751e8b465ee728b)  -> (artifact id: 'e6bd6e5bda6d95719a440ad323484414') in 0.007886 seconds 
========================================================================
Received Import Request.
  Time since last request: 0.000031 seconds.
  path: Assets/Prefab/Ingredients/PlantsRawPrefab/DevilsFinger.prefab
  artifactKey: Guid(5197a8d774d27aa408bfe4e5cae038a7) Importer(815301076,1909f56bfc062723c751e8b465ee728b)
Start importing Assets/Prefab/Ingredients/PlantsRawPrefab/DevilsFinger.prefab using Guid(5197a8d774d27aa408bfe4e5cae038a7) Importer(815301076,1909f56bfc062723c751e8b465ee728b)  -> (artifact id: 'd1ba23d60db07e2e63a350e53f83bfc4') in 0.012671 seconds 
========================================================================
Received Import Request.
  Time since last request: 0.000023 seconds.
  path: Assets/Prefab/Ingredients/PlantsRawPrefab/YellowHerb.prefab
  artifactKey: Guid(e7ad454bcbafa8f41a04c191cbeb1892) Importer(815301076,1909f56bfc062723c751e8b465ee728b)
Start importing Assets/Prefab/Ingredients/PlantsRawPrefab/YellowHerb.prefab using Guid(e7ad454bcbafa8f41a04c191cbeb1892) Importer(815301076,1909f56bfc062723c751e8b465ee728b)  -> (artifact id: '0001993364fcfbea3d6bda48ee47fbae') in 0.013322 seconds 
========================================================================
Received Import Request.
  Time since last request: 0.000024 seconds.
  path: Assets/Prefab/Ingredients/PlantsRawPrefab/ManaFlower.prefab
  artifactKey: Guid(84b7fa11f7eb6584092c7aef0aea3b07) Importer(815301076,1909f56bfc062723c751e8b465ee728b)
Start importing Assets/Prefab/Ingredients/PlantsRawPrefab/ManaFlower.prefab using Guid(84b7fa11f7eb6584092c7aef0aea3b07) Importer(815301076,1909f56bfc062723c751e8b465ee728b)  -> (artifact id: '2871ea82f63deda6f80ef381be58be48') in 0.011113 seconds 
========================================================================
Received Import Request.
  Time since last request: 0.000035 seconds.
  path: Assets/Prefab/Ingredients/PlantsRawPrefab/RedHerb.prefab
  artifactKey: Guid(a67d43955a2ec5540baee827bbbaac0e) Importer(815301076,1909f56bfc062723c751e8b465ee728b)
Start importing Assets/Prefab/Ingredients/PlantsRawPrefab/RedHerb.prefab using Guid(a67d43955a2ec5540baee827bbbaac0e) Importer(815301076,1909f56bfc062723c751e8b465ee728b)  -> (artifact id: '4d086d52727630ed133d277d72ffd326') in 0.011108 seconds 
========================================================================
Received Import Request.
  Time since last request: 177.205738 seconds.
  path: Assets/Materials/BaseColors/Black.mat
  artifactKey: Guid(79758fcab23ecf24ab5be9f02fb88bd9) Importer(815301076,1909f56bfc062723c751e8b465ee728b)
Start importing Assets/Materials/BaseColors/Black.mat using Guid(79758fcab23ecf24ab5be9f02fb88bd9) Importer(815301076,1909f56bfc062723c751e8b465ee728b)  -> (artifact id: '78a952ac781d38335f2a38f53b8b5d2d') in 0.008007 seconds 
========================================================================
Received Import Request.
  Time since last request: 0.000024 seconds.
  path: Assets/Materials/BaseColors/White.mat
  artifactKey: Guid(e803e4f116601e74295ffd98e1412f9c) Importer(815301076,1909f56bfc062723c751e8b465ee728b)
Start importing Assets/Materials/BaseColors/White.mat using Guid(e803e4f116601e74295ffd98e1412f9c) Importer(815301076,1909f56bfc062723c751e8b465ee728b)  -> (artifact id: '1e4608fbe10f5538dfbd6549e2bab51d') in 0.088188 seconds 
========================================================================
Received Import Request.
  Time since last request: 0.000038 seconds.
  path: Assets/Materials/BaseColors/Orange.mat
  artifactKey: Guid(29086e9273340f04f8796a1d00f3573d) Importer(815301076,1909f56bfc062723c751e8b465ee728b)
Start importing Assets/Materials/BaseColors/Orange.mat using Guid(29086e9273340f04f8796a1d00f3573d) Importer(815301076,1909f56bfc062723c751e8b465ee728b)  -> (artifact id: '04b8f841251ba0fd079be41f199f26bf') in 0.010100 seconds 
========================================================================
Received Import Request.
  Time since last request: 0.000038 seconds.
  path: Assets/Materials/BaseColors/Yellow.mat
  artifactKey: Guid(3e95625dbef31004ca7f38838b37a0fc) Importer(815301076,1909f56bfc062723c751e8b465ee728b)
Start importing Assets/Materials/BaseColors/Yellow.mat using Guid(3e95625dbef31004ca7f38838b37a0fc) Importer(815301076,1909f56bfc062723c751e8b465ee728b)  -> (artifact id: 'dcd2d6079597c2df347310690a1de624') in 0.018122 seconds 
========================================================================
Received Import Request.
  Time since last request: 0.000022 seconds.
  path: Assets/Materials/BaseColors/Grey.mat
  artifactKey: Guid(5083436059e6a6d409272f66b976a255) Importer(815301076,1909f56bfc062723c751e8b465ee728b)
Start importing Assets/Materials/BaseColors/Grey.mat using Guid(5083436059e6a6d409272f66b976a255) Importer(815301076,1909f56bfc062723c751e8b465ee728b)  -> (artifact id: 'a9dbb36b07c70cdcd6b921f7bdeadd1b') in 0.008959 seconds 
========================================================================
Received Import Request.
  Time since last request: 0.000023 seconds.
  path: Assets/Materials/BaseColors/Blue.mat
  artifactKey: Guid(212993dc3034c754b9b2ac9f15b0de42) Importer(815301076,1909f56bfc062723c751e8b465ee728b)
Start importing Assets/Materials/BaseColors/Blue.mat using Guid(212993dc3034c754b9b2ac9f15b0de42) Importer(815301076,1909f56bfc062723c751e8b465ee728b)  -> (artifact id: '32b59c18500896d10441c17f4f6d512e') in 0.007804 seconds 
========================================================================
Received Import Request.
  Time since last request: 0.000025 seconds.
  path: Assets/Materials/BaseColors/Red.mat
  artifactKey: Guid(84fbc7c70dd2ffb46b328aa6e84d02dc) Importer(815301076,1909f56bfc062723c751e8b465ee728b)
Start importing Assets/Materials/BaseColors/Red.mat using Guid(84fbc7c70dd2ffb46b328aa6e84d02dc) Importer(815301076,1909f56bfc062723c751e8b465ee728b)  -> (artifact id: 'f8c1d7fdf3191e4ac66acc68cf99aa7f') in 0.013276 seconds 
========================================================================
Received Import Request.
  Time since last request: 0.000068 seconds.
  path: Assets/Materials/BaseColors/Brown.mat
  artifactKey: Guid(062c1679355a81646bb9204d26c79340) Importer(815301076,1909f56bfc062723c751e8b465ee728b)
Start importing Assets/Materials/BaseColors/Brown.mat using Guid(062c1679355a81646bb9204d26c79340) Importer(815301076,1909f56bfc062723c751e8b465ee728b)  -> (artifact id: 'bb2de0f6aa38a2df810822212e3609ad') in 0.015355 seconds 
========================================================================
Received Import Request.
  Time since last request: 13.058764 seconds.
  path: Assets/Materials/Nature 1.mat
  artifactKey: Guid(892a88fc56d55ce4b8c4bd7a8c8ac770) Importer(815301076,1909f56bfc062723c751e8b465ee728b)
Start importing Assets/Materials/Nature 1.mat using Guid(892a88fc56d55ce4b8c4bd7a8c8ac770) Importer(815301076,1909f56bfc062723c751e8b465ee728b)  -> (artifact id: '6309dd225ee58c94faa038ea8f58da40') in 0.007653 seconds 
========================================================================
Received Import Request.
  Time since last request: 4.298651 seconds.
  path: Assets/Materials/NatureDesbotado.mat
  artifactKey: Guid(892a88fc56d55ce4b8c4bd7a8c8ac770) Importer(815301076,1909f56bfc062723c751e8b465ee728b)
Start importing Assets/Materials/NatureDesbotado.mat using Guid(892a88fc56d55ce4b8c4bd7a8c8ac770) Importer(815301076,1909f56bfc062723c751e8b465ee728b)  -> (artifact id: 'bcce73a49f3a29d70642df2f1eea15da') in 0.089922 seconds 
========================================================================
Received Import Request.
  Time since last request: 52.331792 seconds.
  path: Assets/Materials/NatureDesbotado.mat
  artifactKey: Guid(892a88fc56d55ce4b8c4bd7a8c8ac770) Importer(815301076,1909f56bfc062723c751e8b465ee728b)
Start importing Assets/Materials/NatureDesbotado.mat using Guid(892a88fc56d55ce4b8c4bd7a8c8ac770) Importer(815301076,1909f56bfc062723c751e8b465ee728b)  -> (artifact id: 'c3f222ab0197908505d0d956a7ae86e0') in 0.009384 seconds 
========================================================================
Received Prepare
Registering precompiled user dll's ...
Registered in 0.004981 seconds.
Begin MonoManager ReloadAssembly
Symbol file LoadedFromMemory doesn't match image D:\Arte\PurfectPursuit\PurrfectPursuit\PurrfectPursuit\Library\PackageCache\com.unity.visualscripting@1.8.0\Editor\VisualScripting.Core\Dependencies\YamlDotNet\Unity.VisualScripting.YamlDotNet.dll
Symbol file LoadedFromMemory doesn't match image D:\Arte\PurfectPursuit\PurrfectPursuit\PurrfectPursuit\Library\PackageCache\com.unity.visualscripting@1.8.0\Editor\VisualScripting.Core\Dependencies\DotNetZip\Unity.VisualScripting.IonicZip.dll
Native extension for WindowsStandalone target not found
Native extension for WebGL target not found
Refreshing native plugins compatible for Editor in 1.12 ms, found 3 plugins.
Preloading 0 native plugins for Editor in 0.00 ms.
URP-HighFidelity-Renderer is missing RendererFeatures
This could be due to missing scripts or compile error.
UnityEngine.StackTraceUtility:ExtractStackTrace ()
UnityEngine.DebugLogHandler:LogFormat (UnityEngine.LogType,UnityEngine.Object,string,object[])
UnityEngine.Logger:Log (UnityEngine.LogType,object,UnityEngine.Object)
UnityEngine.Debug:LogError (object,UnityEngine.Object)
UnityEngine.Rendering.Universal.ScriptableRendererData:ValidateRendererFeatures () (at Library/PackageCache/com.unity.render-pipelines.universal@12.1.11/Runtime/ScriptableRendererData.cs:185)
UnityEngine.Rendering.Universal.ScriptableRendererData:OnValidate () (at Library/PackageCache/com.unity.render-pipelines.universal@12.1.11/Runtime/ScriptableRendererData.cs:80)
UnityEngine.Rendering.Universal.UniversalRendererData:OnValidate () (at Library/PackageCache/com.unity.render-pipelines.universal@12.1.11/Runtime/UniversalRendererData.cs:282)

(Filename: Library/PackageCache/com.unity.render-pipelines.universal@12.1.11/Runtime/ScriptableRendererData.cs Line: 185)

Mono: successfully reloaded assembly
- Completed reload, in  1.379 seconds
Domain Reload Profiling:
	ReloadAssembly (1380ms)
		BeginReloadAssembly (185ms)
			ExecutionOrderSort (0ms)
			DisableScriptedObjects (9ms)
			BackupInstance (0ms)
			ReleaseScriptingObjects (0ms)
			CreateAndSetChildDomain (62ms)
		EndReloadAssembly (1080ms)
			LoadAssemblies (110ms)
			RebuildTransferFunctionScriptingTraits (0ms)
			SetupTypeCache (311ms)
			ReleaseScriptCaches (2ms)
			RebuildScriptCaches (53ms)
			SetupLoadedEditorAssemblies (491ms)
				LogAssemblyErrors (0ms)
				InitializePlatformSupportModulesInManaged (7ms)
				SetLoadedEditorAssemblies (1ms)
				RefreshPlugins (1ms)
				BeforeProcessingInitializeOnLoad (89ms)
				ProcessInitializeOnLoadAttributes (287ms)
				ProcessInitializeOnLoadMethodAttributes (98ms)
				AfterProcessingInitializeOnLoad (9ms)
				EditorAssembliesLoaded (0ms)
			ExecutionOrderSort2 (0ms)
			AwakeInstancesAfterBackupRestoration (49ms)
Platform modules already initialized, skipping
Refreshing native plugins compatible for Editor in 3.28 ms, found 3 plugins.
Preloading 0 native plugins for Editor in 0.00 ms.
Unloading 5389 Unused Serialized files (Serialized files now loaded: 0)
Unloading 24 unused Assets / (434.4 KB). Loaded Objects now: 6144.
Memory consumption went from 239.2 MB to 238.8 MB.
Total: 6.432400 ms (FindLiveObjects: 0.765300 ms CreateObjectMapping: 0.747100 ms MarkObjects: 4.689500 ms  DeleteObjects: 0.228900 ms)

AssetImportParameters requested are different than current active one (requested -> active):
  custom:video-decoder-ogg-theora: a1e56fd34408186e4bbccfd4996cb3dc -> 
  custom:container-muxer-webm: aa71ff27fc2769a1b78a27578f13a17b -> 
  custom:container-demuxer-webm: 4f35f7cbe854078d1ac9338744f61a02 -> 
  custom:video-encoder-webm-vp8: eb34c28f22e8b96e1ab97ce403110664 -> 
  custom:audio-encoder-webm-vorbis: bf7c407c2cedff20999df2af8eb42d56 -> 
  custom:framework-win-MediaFoundation: 216162199b28c13a410421893ffa2e32 -> 
  custom:container-demuxer-ogg: 62fdf1f143b41e24485cea50d1cbac27 -> 
  custom:video-decoder-webm-vp8: 9c59270c3fd7afecdb556c50c9e8de78 -> 
  custom:audio-decoder-ogg-vorbis: bf7c407c2cedff20999df2af8eb42d56 -> 
========================================================================
Received Prepare
Registering precompiled user dll's ...
Registered in 0.004680 seconds.
Begin MonoManager ReloadAssembly
Symbol file LoadedFromMemory doesn't match image D:\Arte\PurfectPursuit\PurrfectPursuit\PurrfectPursuit\Library\PackageCache\com.unity.visualscripting@1.8.0\Editor\VisualScripting.Core\Dependencies\YamlDotNet\Unity.VisualScripting.YamlDotNet.dll
Symbol file LoadedFromMemory doesn't match image D:\Arte\PurfectPursuit\PurrfectPursuit\PurrfectPursuit\Library\PackageCache\com.unity.visualscripting@1.8.0\Editor\VisualScripting.Core\Dependencies\DotNetZip\Unity.VisualScripting.IonicZip.dll
Native extension for WindowsStandalone target not found
Native extension for WebGL target not found
Refreshing native plugins compatible for Editor in 1.91 ms, found 3 plugins.
Preloading 0 native plugins for Editor in 0.00 ms.
URP-HighFidelity-Renderer is missing RendererFeatures
This could be due to missing scripts or compile error.
UnityEngine.StackTraceUtility:ExtractStackTrace ()
UnityEngine.DebugLogHandler:LogFormat (UnityEngine.LogType,UnityEngine.Object,string,object[])
UnityEngine.Logger:Log (UnityEngine.LogType,object,UnityEngine.Object)
UnityEngine.Debug:LogError (object,UnityEngine.Object)
UnityEngine.Rendering.Universal.ScriptableRendererData:ValidateRendererFeatures () (at Library/PackageCache/com.unity.render-pipelines.universal@12.1.11/Runtime/ScriptableRendererData.cs:185)
UnityEngine.Rendering.Universal.ScriptableRendererData:OnValidate () (at Library/PackageCache/com.unity.render-pipelines.universal@12.1.11/Runtime/ScriptableRendererData.cs:80)
UnityEngine.Rendering.Universal.UniversalRendererData:OnValidate () (at Library/PackageCache/com.unity.render-pipelines.universal@12.1.11/Runtime/UniversalRendererData.cs:282)

(Filename: Library/PackageCache/com.unity.render-pipelines.universal@12.1.11/Runtime/ScriptableRendererData.cs Line: 185)

Mono: successfully reloaded assembly
- Completed reload, in  1.580 seconds
Domain Reload Profiling:
	ReloadAssembly (1581ms)
		BeginReloadAssembly (164ms)
			ExecutionOrderSort (0ms)
			DisableScriptedObjects (5ms)
			BackupInstance (0ms)
			ReleaseScriptingObjects (0ms)
			CreateAndSetChildDomain (44ms)
		EndReloadAssembly (1284ms)
			LoadAssemblies (118ms)
			RebuildTransferFunctionScriptingTraits (0ms)
			SetupTypeCache (348ms)
			ReleaseScriptCaches (2ms)
			RebuildScriptCaches (58ms)
			SetupLoadedEditorAssemblies (652ms)
				LogAssemblyErrors (0ms)
				InitializePlatformSupportModulesInManaged (11ms)
				SetLoadedEditorAssemblies (1ms)
				RefreshPlugins (2ms)
				BeforeProcessingInitializeOnLoad (104ms)
				ProcessInitializeOnLoadAttributes (346ms)
				ProcessInitializeOnLoadMethodAttributes (173ms)
				AfterProcessingInitializeOnLoad (15ms)
				EditorAssembliesLoaded (0ms)
			ExecutionOrderSort2 (0ms)
			AwakeInstancesAfterBackupRestoration (47ms)
Platform modules already initialized, skipping
Refreshing native plugins compatible for Editor in 3.84 ms, found 3 plugins.
Preloading 0 native plugins for Editor in 0.00 ms.
Unloading 5389 Unused Serialized files (Serialized files now loaded: 0)
Unloading 23 unused Assets / (450.0 KB). Loaded Objects now: 6160.
Memory consumption went from 239.2 MB to 238.8 MB.
Total: 4.934100 ms (FindLiveObjects: 0.485200 ms CreateObjectMapping: 0.387400 ms MarkObjects: 3.831500 ms  DeleteObjects: 0.228600 ms)

AssetImportParameters requested are different than current active one (requested -> active):
  custom:video-decoder-ogg-theora: a1e56fd34408186e4bbccfd4996cb3dc -> 
  custom:container-muxer-webm: aa71ff27fc2769a1b78a27578f13a17b -> 
  custom:container-demuxer-webm: 4f35f7cbe854078d1ac9338744f61a02 -> 
  custom:video-encoder-webm-vp8: eb34c28f22e8b96e1ab97ce403110664 -> 
  custom:audio-encoder-webm-vorbis: bf7c407c2cedff20999df2af8eb42d56 -> 
  custom:framework-win-MediaFoundation: 216162199b28c13a410421893ffa2e32 -> 
  custom:container-demuxer-ogg: 62fdf1f143b41e24485cea50d1cbac27 -> 
  custom:video-decoder-webm-vp8: 9c59270c3fd7afecdb556c50c9e8de78 -> 
  custom:audio-decoder-ogg-vorbis: bf7c407c2cedff20999df2af8eb42d56 -> 
